<?xml version="1.0" encoding="UTF-8"?>
<testsuite name="GreetServerTest" tests="1" skipped="0" failures="0" errors="0" timestamp="2019-05-06T06:27:35" hostname="Divyas-MacBook-Pro.local" time="0.0">
  <properties/>
  <testcase name="shouldTestThe" classname="GreetServerTest" time="0.0"/>
  <system-out><![CDATA[]]></system-out>
  <system-err><![CDATA[]]></system-err>
</testsuite>
