<?xml version="1.0" encoding="UTF-8"?>
<testsuite name="service.GreetServiceTest" tests="3" skipped="0" failures="0" errors="0" timestamp="2019-05-06T06:27:35" hostname="Divyas-MacBook-Pro.local" time="0.007">
  <properties/>
  <testcase name="testShouldCallConsumeKafkaMessageFromTopic" classname="service.GreetServiceTest" time="0.004"/>
  <testcase name="testShouldCallInsertToDb" classname="service.GreetServiceTest" time="0.001"/>
  <testcase name="testShouldCallPublishToKafkaTopic" classname="service.GreetServiceTest" time="0.001"/>
  <system-out><![CDATA[]]></system-out>
  <system-err><![CDATA[]]></system-err>
</testsuite>
